[14:49:31.494] [INFO   ] thread main starting.
[14:49:31.506] [SEVERE ] cannot read configuration file config.properties trying from resources.
[14:49:31.507] [SEVERE ] configuration file was loaded from resources directory.
[14:49:32.605] [INFO   ] thread dealer starting.
[14:49:32.608] [INFO   ] thread dealer starting.
[14:49:32.609] [INFO   ] thread Thread-0 starting.
[14:49:32.610] [INFO   ] thread Thread-1 starting.
[14:49:32.732] [SEVERE ] placing card 55 in slot 8
[14:49:32.941] [SEVERE ] placing card 56 in slot 9
[14:49:33.154] [SEVERE ] placing card 16 in slot 4
[14:49:33.366] [SEVERE ] placing card 39 in slot 6
[14:49:33.576] [SEVERE ] placing card 41 in slot 5
[14:49:33.788] [SEVERE ] placing card 60 in slot 11
[14:49:34.001] [SEVERE ] placing card 5 in slot 2
[14:49:34.213] [SEVERE ] placing card 42 in slot 1
[14:49:34.426] [SEVERE ] placing card 35 in slot 7
[14:49:34.637] [SEVERE ] placing card 3 in slot 0
[14:49:34.851] [SEVERE ] placing card 32 in slot 10
[14:49:35.067] [SEVERE ] placing card 74 in slot 3
[14:49:35.177] [SEVERE ] updating countdown to 60999
[14:49:35.739] [SEVERE ] key 68 was pressed by player 1
[14:49:35.742] [SEVERE ] player 1 placing token on slot 6
[14:49:35.846] [SEVERE ] key 83 was pressed by player 1
[14:49:35.850] [SEVERE ] player 1 placing token on slot 5
[14:49:35.977] [SEVERE ] key 65 was pressed by player 1
[14:49:35.980] [SEVERE ] player 1 placing token on slot 4
[14:49:35.983] [SEVERE ] updating countdown to 60193
[14:49:35.992] [SEVERE ] setting player 1 freeze to 3000
[14:49:36.178] [SEVERE ] updating countdown to 59998
[14:49:36.381] [SEVERE ] key 81 was pressed by player 1
[14:49:37.003] [SEVERE ] setting player 1 freeze to 2000
[14:49:37.182] [SEVERE ] updating countdown to 58994
[14:49:38.013] [SEVERE ] setting player 1 freeze to 1000
[14:49:38.183] [SEVERE ] updating countdown to 57994
[14:49:39.022] [SEVERE ] setting player 1 freeze to 0
[14:49:39.182] [SEVERE ] updating countdown to 56994
[14:49:39.931] [SEVERE ] key 76 was pressed by player 2
[14:49:39.937] [SEVERE ] player 2 placing token on slot 6
[14:49:40.182] [SEVERE ] updating countdown to 55994
[14:49:40.638] [SEVERE ] key 75 was pressed by player 2
[14:49:40.644] [SEVERE ] player 2 placing token on slot 5
[14:49:40.993] [SEVERE ] key 74 was pressed by player 2
[14:49:40.998] [SEVERE ] player 2 placing token on slot 4
[14:49:41.006] [SEVERE ] updating countdown to 55170
[14:49:41.013] [SEVERE ] setting player 2 freeze to 3000
[14:49:41.182] [SEVERE ] updating countdown to 54994
[14:49:42.023] [SEVERE ] setting player 2 freeze to 2000
[14:49:42.182] [SEVERE ] updating countdown to 53994
[14:49:43.035] [SEVERE ] setting player 2 freeze to 1000
[14:49:43.088] [SEVERE ] key 65 was pressed by player 1
[14:49:43.182] [SEVERE ] updating countdown to 52994
[14:49:44.046] [SEVERE ] setting player 2 freeze to 0
[14:49:44.182] [SEVERE ] updating countdown to 51994
[14:49:45.182] [SEVERE ] updating countdown to 50994
[14:49:45.281] [SEVERE ] key 65 was pressed by player 1
[14:49:45.671] [SEVERE ] key 65 was pressed by player 1
[14:49:46.182] [SEVERE ] updating countdown to 49994
[14:49:46.820] [SEVERE ] key 83 was pressed by player 1
[14:49:47.183] [SEVERE ] updating countdown to 48994
[14:49:47.303] [SEVERE ] key 68 was pressed by player 1
[14:49:47.771] [SEVERE ] key 81 was pressed by player 1
[14:49:48.182] [SEVERE ] updating countdown to 47994
[14:49:48.265] [SEVERE ] key 87 was pressed by player 1
[14:49:48.606] [SEVERE ] key 68 was pressed by player 1
[14:49:48.991] [SEVERE ] key 83 was pressed by player 1
[14:49:49.180] [SEVERE ] updating countdown to 46996
[14:49:49.350] [SEVERE ] key 88 was pressed by player 1
[14:49:49.758] [SEVERE ] key 67 was pressed by player 1
[14:49:50.042] [SEVERE ] key 74 was pressed by player 2
[14:49:50.049] [SEVERE ] removing player 2 token from slot 4
[14:49:50.149] [SEVERE ] key 75 was pressed by player 2
[14:49:50.153] [SEVERE ] removing player 2 token from slot 5
[14:49:50.182] [SEVERE ] updating countdown to 45994
[14:49:50.235] [SEVERE ] key 76 was pressed by player 2
[14:49:50.239] [SEVERE ] removing player 2 token from slot 6
[14:49:51.182] [SEVERE ] updating countdown to 44994
[14:49:52.182] [SEVERE ] updating countdown to 43994
[14:49:52.484] [SEVERE ] key 83 was pressed by player 1
[14:49:52.531] [SEVERE ] key 65 was pressed by player 1
[14:49:52.556] [SEVERE ] key 68 was pressed by player 1
[14:49:53.182] [SEVERE ] updating countdown to 42994
[14:49:54.179] [SEVERE ] updating countdown to 41997
[14:49:55.182] [SEVERE ] updating countdown to 40994
[14:49:56.178] [SEVERE ] updating countdown to 39998
[14:49:57.182] [SEVERE ] updating countdown to 38994
[14:49:58.182] [SEVERE ] updating countdown to 37994
[14:49:59.178] [SEVERE ] updating countdown to 36998
[14:50:00.182] [SEVERE ] updating countdown to 35994
[14:50:01.182] [SEVERE ] updating countdown to 34994
[14:50:02.182] [SEVERE ] updating countdown to 33994
[14:50:03.181] [SEVERE ] updating countdown to 32995
[14:50:04.181] [SEVERE ] updating countdown to 31995
[14:50:05.183] [SEVERE ] updating countdown to 30994
[14:50:06.180] [SEVERE ] updating countdown to 29996
[14:50:07.178] [SEVERE ] updating countdown to 28998
[14:50:08.182] [SEVERE ] updating countdown to 27994
[14:50:09.182] [SEVERE ] updating countdown to 26994
[14:50:10.180] [SEVERE ] updating countdown to 25996
[14:50:11.183] [SEVERE ] updating countdown to 24994
[14:50:12.178] [SEVERE ] updating countdown to 23998
[14:50:13.182] [SEVERE ] updating countdown to 22994
[14:50:14.182] [SEVERE ] updating countdown to 21994
[14:50:15.182] [SEVERE ] updating countdown to 20994
[14:50:16.183] [SEVERE ] updating countdown to 19993
