[14:50:23.080] [INFO   ] thread main starting.
[14:50:23.091] [SEVERE ] cannot read configuration file config.properties trying from resources.
[14:50:23.092] [SEVERE ] configuration file was loaded from resources directory.
[14:50:24.273] [INFO   ] thread dealer starting.
[14:50:24.277] [INFO   ] thread dealer starting.
[14:50:24.277] [INFO   ] thread Thread-0 starting.
[14:50:24.278] [INFO   ] thread Thread-1 starting.
[14:50:24.403] [SEVERE ] placing card 40 in slot 1
[14:50:24.614] [SEVERE ] placing card 53 in slot 10
[14:50:24.827] [SEVERE ] placing card 55 in slot 9
[14:50:25.038] [SEVERE ] placing card 19 in slot 6
[14:50:25.253] [SEVERE ] placing card 59 in slot 3
[14:50:25.468] [SEVERE ] placing card 10 in slot 5
[14:50:25.683] [SEVERE ] placing card 75 in slot 4
[14:50:25.897] [SEVERE ] placing card 54 in slot 11
[14:50:26.112] [SEVERE ] placing card 14 in slot 0
[14:50:26.325] [SEVERE ] placing card 11 in slot 2
[14:50:26.541] [SEVERE ] placing card 79 in slot 7
[14:50:26.750] [SEVERE ] placing card 9 in slot 8
[14:50:26.863] [SEVERE ] updating countdown to 60999
[14:50:27.867] [SEVERE ] updating countdown to 59994
[14:50:28.276] [SEVERE ] key 65 was pressed by player 1
[14:50:28.279] [SEVERE ] player 1 placing token on slot 4
[14:50:28.867] [SEVERE ] updating countdown to 58994
[14:50:29.004] [SEVERE ] key 83 was pressed by player 1
[14:50:29.006] [SEVERE ] player 1 placing token on slot 5
[14:50:29.212] [SEVERE ] key 68 was pressed by player 1
[14:50:29.214] [SEVERE ] player 1 placing token on slot 6
[14:50:29.216] [SEVERE ] updating countdown to 58645
[14:50:29.221] [SEVERE ] setting player 1 freeze to 3000
[14:50:29.867] [SEVERE ] updating countdown to 57994
[14:50:30.230] [SEVERE ] setting player 1 freeze to 2000
[14:50:30.863] [SEVERE ] updating countdown to 56998
[14:50:31.236] [SEVERE ] setting player 1 freeze to 1000
[14:50:31.867] [SEVERE ] updating countdown to 55994
[14:50:32.251] [SEVERE ] setting player 1 freeze to 0
[14:50:32.867] [SEVERE ] updating countdown to 54994
[14:50:33.867] [SEVERE ] updating countdown to 53994
[14:50:34.865] [SEVERE ] updating countdown to 52997
[14:50:35.867] [SEVERE ] updating countdown to 51994
[14:50:36.015] [SEVERE ] key 44 was pressed by player 2
[14:50:36.020] [SEVERE ] player 2 placing token on slot 9
[14:50:36.533] [SEVERE ] key 77 was pressed by player 2
[14:50:36.538] [SEVERE ] player 2 placing token on slot 8
[14:50:36.868] [SEVERE ] updating countdown to 50994
[14:50:37.868] [SEVERE ] updating countdown to 49994
[14:50:38.867] [SEVERE ] updating countdown to 48994
[14:50:39.479] [SEVERE ] key 46 was pressed by player 2
[14:50:39.483] [SEVERE ] player 2 placing token on slot 10
[14:50:39.492] [SEVERE ] updating countdown to 48369
[14:50:39.500] [SEVERE ] setting player 2 freeze to 3000
[14:50:39.867] [SEVERE ] updating countdown to 47994
[14:50:40.509] [SEVERE ] setting player 2 freeze to 2000
[14:50:40.658] [SEVERE ] key 65 was pressed by player 1
[14:50:40.663] [SEVERE ] removing player 1 token from slot 4
[14:50:40.867] [SEVERE ] updating countdown to 46994
[14:50:41.311] [SEVERE ] key 83 was pressed by player 1
[14:50:41.315] [SEVERE ] removing player 1 token from slot 5
[14:50:41.523] [SEVERE ] setting player 2 freeze to 1000
[14:50:41.659] [SEVERE ] key 68 was pressed by player 1
[14:50:41.664] [SEVERE ] removing player 1 token from slot 6
[14:50:41.867] [SEVERE ] updating countdown to 45994
[14:50:42.535] [SEVERE ] setting player 2 freeze to 0
[14:50:42.867] [SEVERE ] updating countdown to 44994
[14:50:43.867] [SEVERE ] updating countdown to 43994
[14:50:44.867] [SEVERE ] updating countdown to 42994
[14:50:45.866] [SEVERE ] updating countdown to 41996
[14:50:46.868] [SEVERE ] updating countdown to 40993
[14:50:47.867] [SEVERE ] updating countdown to 39994
[14:50:48.867] [SEVERE ] updating countdown to 38994
[14:50:49.864] [SEVERE ] updating countdown to 37997
[14:50:50.867] [SEVERE ] updating countdown to 36994
[14:50:51.867] [SEVERE ] updating countdown to 35994
[14:50:52.868] [SEVERE ] updating countdown to 34994
[14:50:53.867] [SEVERE ] updating countdown to 33994
[14:50:54.867] [SEVERE ] updating countdown to 32994
[14:50:55.863] [SEVERE ] updating countdown to 31998
[14:50:56.867] [SEVERE ] updating countdown to 30994
[14:50:57.808] [SEVERE ] key 77 was pressed by player 2
[14:50:57.813] [SEVERE ] removing player 2 token from slot 8
[14:50:57.867] [SEVERE ] updating countdown to 29994
[14:50:57.877] [SEVERE ] key 44 was pressed by player 2
[14:50:57.880] [SEVERE ] removing player 2 token from slot 9
[14:50:57.970] [SEVERE ] key 46 was pressed by player 2
[14:50:57.974] [SEVERE ] removing player 2 token from slot 10
[14:50:58.865] [SEVERE ] updating countdown to 28996
[14:50:59.864] [SEVERE ] updating countdown to 27997
[14:51:00.867] [SEVERE ] updating countdown to 26994
[14:51:01.867] [SEVERE ] updating countdown to 25994
[14:51:02.867] [SEVERE ] updating countdown to 24994
[14:51:03.867] [SEVERE ] updating countdown to 23994
[14:51:04.867] [SEVERE ] updating countdown to 22994
[14:51:05.867] [SEVERE ] updating countdown to 21994
[14:51:06.868] [SEVERE ] updating countdown to 20994
[14:51:07.533] [SEVERE ] key 81 was pressed by player 1
[14:51:07.537] [SEVERE ] player 1 placing token on slot 0
[14:51:07.867] [SEVERE ] updating countdown to 19994
[14:51:08.867] [SEVERE ] updating countdown to 18994
[14:51:09.867] [SEVERE ] updating countdown to 17994
[14:51:10.623] [SEVERE ] key 83 was pressed by player 1
[14:51:10.629] [SEVERE ] player 1 placing token on slot 5
[14:51:10.867] [SEVERE ] updating countdown to 16994
[14:51:11.288] [SEVERE ] key 67 was pressed by player 1
[14:51:11.293] [SEVERE ] player 1 placing token on slot 10
[14:51:11.299] [SEVERE ] updating countdown to 16562
[14:51:11.307] [SEVERE ] setting player 1 freeze to 3000
[14:51:11.867] [SEVERE ] updating countdown to 15994
[14:51:12.316] [SEVERE ] setting player 1 freeze to 2000
[14:51:12.764] [SEVERE ] key 81 was pressed by player 1
[14:51:12.867] [SEVERE ] updating countdown to 14994
[14:51:13.328] [SEVERE ] setting player 1 freeze to 1000
[14:51:13.868] [SEVERE ] updating countdown to 13993
[14:51:14.014] [SEVERE ] key 44 was pressed by player 2
[14:51:14.016] [SEVERE ] player 2 placing token on slot 9
[14:51:14.138] [SEVERE ] key 46 was pressed by player 2
[14:51:14.140] [SEVERE ] player 2 placing token on slot 10
[14:51:14.231] [SEVERE ] key 77 was pressed by player 2
[14:51:14.234] [SEVERE ] player 2 placing token on slot 8
[14:51:14.239] [SEVERE ] updating countdown to 13622
[14:51:14.244] [SEVERE ] setting player 2 freeze to 3000
[14:51:14.336] [SEVERE ] setting player 1 freeze to 0
[14:51:14.867] [SEVERE ] updating countdown to 12994
[14:51:15.252] [SEVERE ] setting player 2 freeze to 2000
[14:51:15.601] [SEVERE ] key 83 was pressed by player 1
[14:51:15.606] [SEVERE ] removing player 1 token from slot 5
[14:51:15.635] [SEVERE ] key 67 was pressed by player 1
[14:51:15.638] [SEVERE ] removing player 1 token from slot 10
[14:51:15.667] [SEVERE ] key 65 was pressed by player 1
[14:51:15.671] [SEVERE ] player 1 placing token on slot 4
[14:51:15.784] [SEVERE ] key 67 was pressed by player 1
[14:51:15.787] [SEVERE ] player 1 placing token on slot 10
[14:51:15.792] [SEVERE ] updating countdown to 12069
[14:51:15.798] [SEVERE ] setting player 1 freeze to 3000
[14:51:15.867] [SEVERE ] updating countdown to 11994
[14:51:16.162] [SEVERE ] key 77 was pressed by player 2
[14:51:16.267] [SEVERE ] setting player 2 freeze to 1000
[14:51:16.303] [SEVERE ] key 76 was pressed by player 2
[14:51:16.306] [SEVERE ] setting player 2 freeze to 0
[14:51:16.307] [SEVERE ] key 75 was pressed by player 2
[14:51:16.532] [SEVERE ] key 65 was pressed by player 1
[14:51:16.537] [SEVERE ] key 68 was pressed by player 1
[14:51:16.545] [SEVERE ] key 46 was pressed by player 2
[14:51:16.549] [SEVERE ] removing player 2 token from slot 10
[14:51:16.597] [SEVERE ] key 77 was pressed by player 2
[14:51:16.601] [SEVERE ] removing player 2 token from slot 8
[14:51:16.687] [SEVERE ] key 77 was pressed by player 2
[14:51:16.691] [SEVERE ] key 67 was pressed by player 1
[14:51:16.691] [SEVERE ] player 2 placing token on slot 8
[14:51:16.806] [SEVERE ] setting player 1 freeze to 2000
[14:51:16.828] [SEVERE ] key 77 was pressed by player 2
[14:51:16.833] [SEVERE ] removing player 2 token from slot 8
[14:51:16.867] [SEVERE ] updating countdown to 10994
[14:51:16.913] [SEVERE ] key 65 was pressed by player 1
[14:51:17.119] [SEVERE ] key 46 was pressed by player 2
[14:51:17.140] [SEVERE ] player 2 placing token on slot 10
[14:51:17.140] [SEVERE ] key 67 was pressed by player 1
[14:51:17.147] [SEVERE ] key 77 was pressed by player 2
[14:51:17.150] [SEVERE ] player 2 placing token on slot 8
[14:51:17.156] [SEVERE ] updating countdown to 10705
[14:51:17.171] [SEVERE ] setting player 2 freeze to 3000
[14:51:17.305] [SEVERE ] key 83 was pressed by player 1
[14:51:17.316] [SEVERE ] key 76 was pressed by player 2
[14:51:17.409] [SEVERE ] key 65 was pressed by player 1
[14:51:17.529] [SEVERE ] key 77 was pressed by player 2
[14:51:17.638] [SEVERE ] key 76 was pressed by player 2
[14:51:17.654] [SEVERE ] key 46 was pressed by player 2
[14:51:17.817] [SEVERE ] setting player 1 freeze to 1000
[14:51:17.859] [SEVERE ] key 77 was pressed by player 2
[14:51:17.867] [SEVERE ] updating countdown to 9994
[14:51:17.909] [SEVERE ] key 75 was pressed by player 2
[14:51:17.913] [SEVERE ] key 46 was pressed by player 2
[14:51:17.953] [SEVERE ] key 68 was pressed by player 1
[14:51:17.956] [SEVERE ] setting player 1 freeze to 0
[14:51:18.187] [SEVERE ] setting player 2 freeze to 2000
[14:51:18.196] [SEVERE ] key 75 was pressed by player 2
[14:51:18.518] [SEVERE ] key 59 was pressed by player 2
[14:51:18.642] [SEVERE ] key 44 was pressed by player 2
[14:51:18.813] [SEVERE ] key 59 was pressed by player 2
[14:51:18.864] [SEVERE ] updating countdown to 8997
[14:51:19.150] [SEVERE ] key 59 was pressed by player 2
[14:51:19.199] [SEVERE ] setting player 2 freeze to 1000
[14:51:19.287] [SEVERE ] key 44 was pressed by player 2
[14:51:19.290] [SEVERE ] setting player 2 freeze to 0
[14:51:19.333] [SEVERE ] key 67 was pressed by player 1
[14:51:19.336] [SEVERE ] removing player 1 token from slot 10
[14:51:19.498] [SEVERE ] key 59 was pressed by player 2
[14:51:19.501] [SEVERE ] removing player 2 token from slot 9
[14:51:19.504] [SEVERE ] player 2 placing token on slot 7
[14:51:19.510] [SEVERE ] updating countdown to 8351
[14:51:19.511] [SEVERE ] key 65 was pressed by player 1
[14:51:19.514] [SEVERE ] setting player 2 freeze to 3000
[14:51:19.516] [SEVERE ] removing player 1 token from slot 4
[14:51:19.539] [SEVERE ] key 83 was pressed by player 1
[14:51:19.542] [SEVERE ] player 1 placing token on slot 5
[14:51:19.639] [SEVERE ] key 47 was pressed by player 2
[14:51:19.670] [SEVERE ] key 67 was pressed by player 1
[14:51:19.673] [SEVERE ] player 1 placing token on slot 10
[14:51:19.677] [SEVERE ] updating countdown to 8184
[14:51:19.683] [SEVERE ] setting player 1 freeze to 3000
[14:51:19.827] [SEVERE ] key 44 was pressed by player 2
[14:51:19.867] [SEVERE ] updating countdown to 7994
[14:51:19.869] [SEVERE ] key 90 was pressed by player 1
[14:51:19.896] [SEVERE ] key 59 was pressed by player 2
[14:51:20.038] [SEVERE ] key 88 was pressed by player 1
[14:51:20.081] [SEVERE ] key 44 was pressed by player 2
[14:51:20.084] [SEVERE ] key 67 was pressed by player 1
[14:51:20.210] [SEVERE ] key 59 was pressed by player 2
[14:51:20.307] [SEVERE ] key 47 was pressed by player 2
[14:51:20.431] [SEVERE ] key 65 was pressed by player 1
[14:51:20.477] [SEVERE ] key 44 was pressed by player 2
[14:51:20.524] [SEVERE ] setting player 2 freeze to 2000
[14:51:20.608] [SEVERE ] key 47 was pressed by player 2
[14:51:20.643] [SEVERE ] key 76 was pressed by player 2
[14:51:20.694] [SEVERE ] setting player 1 freeze to 2000
[14:51:20.747] [SEVERE ] key 68 was pressed by player 1
[14:51:20.757] [SEVERE ] key 59 was pressed by player 2
[14:51:20.833] [SEVERE ] key 44 was pressed by player 2
[14:51:20.862] [SEVERE ] updating countdown to 6999
[14:51:20.866] [SEVERE ] key 67 was pressed by player 1
[14:51:20.963] [SEVERE ] key 76 was pressed by player 2
[14:51:21.137] [SEVERE ] key 65 was pressed by player 1
[14:51:21.378] [SEVERE ] key 59 was pressed by player 2
[14:51:21.402] [SEVERE ] key 83 was pressed by player 1
[14:51:21.533] [SEVERE ] setting player 2 freeze to 1000
[14:51:21.630] [SEVERE ] key 67 was pressed by player 1
[14:51:21.633] [SEVERE ] key 44 was pressed by player 2
[14:51:21.637] [SEVERE ] setting player 2 freeze to 0
[14:51:21.703] [SEVERE ] setting player 1 freeze to 1000
[14:51:21.874] [SEVERE ] key 76 was pressed by player 2
[14:51:21.979] [SEVERE ] key 88 was pressed by player 1
[14:51:21.981] [SEVERE ] setting player 1 freeze to 0
[14:51:21.983] [SEVERE ] key 90 was pressed by player 1
[14:51:22.077] [SEVERE ] key 44 was pressed by player 2
[14:51:22.105] [SEVERE ] key 67 was pressed by player 1
[14:51:22.106] [SEVERE ] removing player 1 token from slot 10
[14:51:22.200] [SEVERE ] key 76 was pressed by player 2
[14:51:22.309] [SEVERE ] key 47 was pressed by player 2
[14:51:22.440] [SEVERE ] key 90 was pressed by player 1
[14:51:22.442] [SEVERE ] player 1 placing token on slot 8
[14:51:22.446] [SEVERE ] setting player 1 freeze to 3000
[14:51:22.580] [SEVERE ] key 59 was pressed by player 2
[14:51:22.583] [SEVERE ] removing player 2 token from slot 7
[14:51:22.819] [SEVERE ] key 44 was pressed by player 2
[14:51:22.822] [SEVERE ] player 2 placing token on slot 9
[14:51:22.827] [SEVERE ] setting player 2 freeze to 3000
[14:51:22.953] [SEVERE ] key 76 was pressed by player 2
[14:51:22.999] [SEVERE ] key 68 was pressed by player 1
[14:51:23.094] [SEVERE ] key 59 was pressed by player 2
[14:51:23.271] [SEVERE ] key 65 was pressed by player 1
[14:51:23.274] [SEVERE ] key 83 was pressed by player 1
[14:51:23.280] [SEVERE ] key 47 was pressed by player 2
[14:51:23.454] [SEVERE ] setting player 1 freeze to 2000
[14:51:23.568] [SEVERE ] key 65 was pressed by player 1
[14:51:23.752] [SEVERE ] key 67 was pressed by player 1
[14:51:23.794] [SEVERE ] key 44 was pressed by player 2
[14:51:23.813] [SEVERE ] key 59 was pressed by player 2
[14:51:23.835] [SEVERE ] setting player 2 freeze to 2000
[14:51:23.873] [SEVERE ] updating countdown to 3000
[14:51:23.993] [SEVERE ] key 47 was pressed by player 2
[14:51:24.088] [SEVERE ] key 90 was pressed by player 1
[14:51:24.272] [SEVERE ] key 46 was pressed by player 2
[14:51:24.436] [SEVERE ] key 88 was pressed by player 1
[14:51:24.462] [SEVERE ] setting player 1 freeze to 1000
[14:51:24.843] [SEVERE ] setting player 2 freeze to 1000
[14:51:25.465] [SEVERE ] setting player 1 freeze to 0
[14:51:25.850] [SEVERE ] setting player 2 freeze to 0
[14:51:26.866] [SEVERE ] updating countdown to 0
[14:51:26.975] [SEVERE ] removing card from slot 5
[14:51:27.085] [SEVERE ] removing card from slot 0
[14:51:27.196] [SEVERE ] removing card from slot 10
[14:51:27.308] [SEVERE ] removing card from slot 4
[14:51:27.416] [SEVERE ] removing card from slot 1
[14:51:27.527] [SEVERE ] removing card from slot 8
[14:51:27.638] [SEVERE ] removing card from slot 7
[14:51:27.749] [SEVERE ] removing card from slot 2
[14:51:27.859] [SEVERE ] removing card from slot 3
[14:51:27.970] [SEVERE ] removing card from slot 11
[14:51:28.081] [SEVERE ] removing card from slot 9
[14:51:28.193] [SEVERE ] removing card from slot 6
[14:51:28.200] [SEVERE ] removing all tokens
[14:51:28.316] [SEVERE ] placing card 0 in slot 6
[14:51:28.524] [SEVERE ] placing card 48 in slot 9
[14:51:28.732] [SEVERE ] placing card 31 in slot 0
[14:51:28.947] [SEVERE ] placing card 56 in slot 5
[14:51:29.159] [SEVERE ] placing card 74 in slot 8
[14:51:29.363] [SEVERE ] placing card 16 in slot 11
[14:51:29.579] [SEVERE ] placing card 10 in slot 2
[14:51:29.795] [SEVERE ] placing card 37 in slot 4
[14:51:30.010] [SEVERE ] placing card 8 in slot 1
[14:51:30.223] [SEVERE ] placing card 60 in slot 10
[14:51:30.439] [SEVERE ] placing card 63 in slot 3
[14:51:30.655] [SEVERE ] placing card 78 in slot 7
[14:51:30.768] [SEVERE ] updating countdown to 60999
[14:51:31.773] [SEVERE ] updating countdown to 59994
[14:51:32.772] [SEVERE ] updating countdown to 58994
[14:51:33.771] [SEVERE ] updating countdown to 57995
[14:51:34.772] [SEVERE ] updating countdown to 56994
[14:51:35.769] [SEVERE ] updating countdown to 55997
[14:51:36.771] [SEVERE ] updating countdown to 54996
[14:51:37.770] [SEVERE ] updating countdown to 53996
[14:51:38.771] [SEVERE ] updating countdown to 52995
[14:51:39.770] [SEVERE ] updating countdown to 51996
[14:51:40.771] [SEVERE ] updating countdown to 50995
[14:51:41.770] [SEVERE ] updating countdown to 49996
[14:51:42.772] [SEVERE ] updating countdown to 48994
[14:51:43.772] [SEVERE ] updating countdown to 47994
[14:51:44.773] [SEVERE ] updating countdown to 46994
[14:51:45.772] [SEVERE ] updating countdown to 45994
[14:51:46.772] [SEVERE ] updating countdown to 44994
[14:51:47.770] [SEVERE ] updating countdown to 43996
[14:51:48.772] [SEVERE ] updating countdown to 42994
[14:51:49.773] [SEVERE ] updating countdown to 41994
[14:51:50.771] [SEVERE ] updating countdown to 40995
[14:51:51.771] [SEVERE ] updating countdown to 39995
[14:51:52.772] [SEVERE ] updating countdown to 38994
[14:51:53.768] [SEVERE ] updating countdown to 37998
[14:51:54.772] [SEVERE ] updating countdown to 36994
[14:51:55.772] [SEVERE ] updating countdown to 35994
[14:51:56.772] [SEVERE ] updating countdown to 34994
[14:51:57.772] [SEVERE ] updating countdown to 33994
[14:51:58.770] [SEVERE ] updating countdown to 32996
[14:51:59.772] [SEVERE ] updating countdown to 31994
[14:52:00.769] [SEVERE ] updating countdown to 30997
[14:52:01.772] [SEVERE ] updating countdown to 29994
[14:52:02.772] [SEVERE ] updating countdown to 28994
[14:52:03.768] [SEVERE ] updating countdown to 27998
[14:52:04.772] [SEVERE ] updating countdown to 26994
[14:52:05.769] [SEVERE ] updating countdown to 25997
[14:52:06.770] [SEVERE ] updating countdown to 24996
[14:52:07.772] [SEVERE ] updating countdown to 23994
[14:52:08.768] [SEVERE ] updating countdown to 22998
[14:52:09.772] [SEVERE ] updating countdown to 21994
[14:52:10.772] [SEVERE ] updating countdown to 20994
[14:52:11.771] [SEVERE ] updating countdown to 19995
[14:52:12.772] [SEVERE ] updating countdown to 18994
[14:52:13.772] [SEVERE ] updating countdown to 17994
[14:52:14.773] [SEVERE ] updating countdown to 16994
[14:52:15.771] [SEVERE ] updating countdown to 15995
[14:52:16.771] [SEVERE ] updating countdown to 14995
[14:52:17.772] [SEVERE ] updating countdown to 13994
[14:52:18.772] [SEVERE ] updating countdown to 12994
[14:52:19.772] [SEVERE ] updating countdown to 11994
[14:52:20.772] [SEVERE ] updating countdown to 10994
[14:52:21.772] [SEVERE ] updating countdown to 9994
[14:52:22.772] [SEVERE ] updating countdown to 8994
[14:52:23.772] [SEVERE ] updating countdown to 7994
[14:52:24.773] [SEVERE ] updating countdown to 6994
[14:52:27.987] [SEVERE ] key 90 was pressed by player 1
[14:52:27.992] [SEVERE ] player 1 placing token on slot 8
[14:52:28.014] [SEVERE ] key 88 was pressed by player 1
[14:52:28.016] [SEVERE ] player 1 placing token on slot 9
[14:52:28.104] [SEVERE ] key 67 was pressed by player 1
[14:52:28.106] [SEVERE ] player 1 placing token on slot 10
[14:52:28.118] [SEVERE ] setting player 1 freeze to 3000
[14:52:28.584] [SEVERE ] key 77 was pressed by player 2
[14:52:28.586] [SEVERE ] player 2 placing token on slot 8
[14:52:28.845] [SEVERE ] key 44 was pressed by player 2
[14:52:28.848] [SEVERE ] player 2 placing token on slot 9
[14:52:29.127] [SEVERE ] setting player 1 freeze to 2000
[14:52:29.264] [SEVERE ] key 46 was pressed by player 2
[14:52:29.266] [SEVERE ] player 2 placing token on slot 10
[14:52:29.272] [SEVERE ] setting player 2 freeze to 3000
[14:52:30.134] [SEVERE ] setting player 1 freeze to 1000
[14:52:30.279] [SEVERE ] setting player 2 freeze to 2000
[14:52:30.769] [SEVERE ] updating countdown to 0
[14:52:30.879] [SEVERE ] removing card from slot 7
[14:52:30.991] [SEVERE ] removing card from slot 4
[14:52:31.097] [SEVERE ] removing card from slot 10
[14:52:31.140] [SEVERE ] setting player 1 freeze to 0
[14:52:31.205] [SEVERE ] removing card from slot 0
[14:52:31.288] [SEVERE ] setting player 2 freeze to 1000
[14:52:31.315] [SEVERE ] removing card from slot 11
[14:52:31.419] [SEVERE ] removing card from slot 8
[14:52:31.526] [SEVERE ] removing card from slot 6
[14:52:31.634] [SEVERE ] removing card from slot 2
[14:52:31.744] [SEVERE ] removing card from slot 5
[14:52:31.849] [SEVERE ] removing card from slot 1
[14:52:31.958] [SEVERE ] removing card from slot 9
[14:52:32.067] [SEVERE ] removing card from slot 3
[14:52:32.073] [SEVERE ] removing all tokens
[14:52:32.192] [SEVERE ] placing card 50 in slot 0
[14:52:32.297] [SEVERE ] setting player 2 freeze to 0
[14:52:32.411] [SEVERE ] placing card 64 in slot 7
[14:52:32.621] [SEVERE ] placing card 20 in slot 4
[14:52:32.834] [SEVERE ] placing card 76 in slot 5
[14:52:33.050] [SEVERE ] placing card 0 in slot 9
[14:52:33.270] [SEVERE ] placing card 52 in slot 3
[14:52:33.483] [SEVERE ] placing card 75 in slot 11
[14:52:33.695] [SEVERE ] placing card 33 in slot 10
[14:52:33.904] [SEVERE ] placing card 45 in slot 6
[14:52:34.117] [SEVERE ] placing card 23 in slot 1
[14:52:34.329] [SEVERE ] placing card 6 in slot 8
[14:52:34.539] [SEVERE ] placing card 67 in slot 2
[14:52:34.648] [SEVERE ] updating countdown to 60999
[14:52:35.651] [SEVERE ] updating countdown to 59995
[14:52:36.653] [SEVERE ] updating countdown to 58994
[14:52:37.651] [SEVERE ] updating countdown to 57995
[14:52:38.649] [SEVERE ] updating countdown to 56997
[14:52:39.653] [SEVERE ] updating countdown to 55994
[14:52:40.652] [SEVERE ] updating countdown to 54994
[14:52:41.647] [SEVERE ] updating countdown to 53999
[14:52:42.648] [SEVERE ] updating countdown to 52998
[14:52:43.652] [SEVERE ] updating countdown to 51994
[14:52:44.652] [SEVERE ] updating countdown to 50994
[14:52:45.648] [SEVERE ] updating countdown to 49998
[14:52:46.652] [SEVERE ] updating countdown to 48994
[14:52:47.647] [SEVERE ] updating countdown to 47999
[14:52:48.652] [SEVERE ] updating countdown to 46994
[14:52:49.653] [SEVERE ] updating countdown to 45993
[14:52:50.649] [SEVERE ] updating countdown to 44997
[14:52:51.651] [SEVERE ] updating countdown to 43995
[14:52:52.647] [SEVERE ] updating countdown to 42999
[14:52:53.648] [SEVERE ] updating countdown to 41999
[14:52:54.652] [SEVERE ] updating countdown to 40994
[14:52:55.652] [SEVERE ] updating countdown to 39994
[14:52:56.649] [SEVERE ] updating countdown to 38997
[14:52:57.649] [SEVERE ] updating countdown to 37997
[14:52:58.647] [SEVERE ] updating countdown to 36999
[14:52:59.653] [SEVERE ] updating countdown to 35994
[14:53:00.649] [SEVERE ] updating countdown to 34997
[14:53:01.650] [SEVERE ] updating countdown to 33996
[14:53:02.651] [SEVERE ] updating countdown to 32995
[14:53:03.652] [SEVERE ] updating countdown to 31994
[14:53:04.652] [SEVERE ] updating countdown to 30994
[14:53:05.652] [SEVERE ] updating countdown to 29994
[14:53:06.650] [SEVERE ] updating countdown to 28996
[14:53:07.649] [SEVERE ] updating countdown to 27997
[14:53:08.647] [SEVERE ] updating countdown to 26999
[14:53:09.652] [SEVERE ] updating countdown to 25994
[14:53:10.648] [SEVERE ] updating countdown to 24998
[14:53:11.648] [SEVERE ] updating countdown to 23998
[14:53:12.650] [SEVERE ] updating countdown to 22996
[14:53:13.652] [SEVERE ] updating countdown to 21994
[14:53:14.652] [SEVERE ] updating countdown to 20994
[14:53:15.652] [SEVERE ] updating countdown to 19994
[14:53:16.648] [SEVERE ] updating countdown to 18999
[14:53:17.652] [SEVERE ] updating countdown to 17994
[14:53:18.651] [SEVERE ] updating countdown to 16996
[14:53:19.652] [SEVERE ] updating countdown to 15994
[14:53:20.418] [SEVERE ] key 70 was pressed by player 1
[14:53:20.419] [SEVERE ] player 1 placing token on slot 7
[14:53:20.652] [SEVERE ] updating countdown to 14994
[14:53:21.649] [SEVERE ] updating countdown to 13997
[14:53:22.653] [SEVERE ] updating countdown to 12993
[14:53:23.332] [SEVERE ] key 81 was pressed by player 1
[14:53:23.332] [SEVERE ] player 1 placing token on slot 0
[14:53:23.649] [SEVERE ] updating countdown to 11998
[14:53:24.653] [SEVERE ] updating countdown to 10994
[14:53:25.652] [SEVERE ] updating countdown to 9994
[14:53:26.204] [SEVERE ] key 90 was pressed by player 1
[14:53:26.208] [SEVERE ] player 1 placing token on slot 8
[14:53:26.213] [SEVERE ] updating countdown to 9433
[14:53:26.216] [SEVERE ] setting player 1 score to 1
[14:53:26.217] [SEVERE ] setting player 1 freeze to 1000
[14:53:26.218] [SEVERE ] updating countdown to 60999
[14:53:26.219] [SEVERE ] removing player 1 token from slot 0
[14:53:26.220] [SEVERE ] removing player 1 token from slot 8
[14:53:26.220] [SEVERE ] removing player 1 token from slot 7
[14:53:26.324] [SEVERE ] removing card from slot 0
[14:53:26.428] [SEVERE ] removing card from slot 8
[14:53:26.534] [SEVERE ] removing card from slot 7
[14:53:26.643] [SEVERE ] placing card 35 in slot 8
[14:53:26.851] [SEVERE ] placing card 42 in slot 7
[14:53:27.063] [SEVERE ] placing card 70 in slot 0
[14:53:27.223] [SEVERE ] setting player 1 freeze to 0
[14:53:27.223] [SEVERE ] updating countdown to 59994
[14:53:28.223] [SEVERE ] updating countdown to 58994
[14:53:29.221] [SEVERE ] updating countdown to 57996
[14:53:30.223] [SEVERE ] updating countdown to 56994
[14:53:31.224] [SEVERE ] updating countdown to 55993
[14:53:32.223] [SEVERE ] updating countdown to 54994
[14:53:33.219] [SEVERE ] updating countdown to 53998
[14:53:34.223] [SEVERE ] updating countdown to 52994
[14:53:35.223] [SEVERE ] updating countdown to 51994
[14:53:36.223] [SEVERE ] updating countdown to 50994
[14:53:37.223] [SEVERE ] updating countdown to 49994
[14:53:38.223] [SEVERE ] updating countdown to 48994
[14:53:39.219] [SEVERE ] updating countdown to 47998
[14:53:40.223] [SEVERE ] updating countdown to 46994
[14:53:41.223] [SEVERE ] updating countdown to 45994
[14:53:42.218] [SEVERE ] updating countdown to 44999
[14:53:43.219] [SEVERE ] updating countdown to 43998
[14:53:44.223] [SEVERE ] updating countdown to 42994
[14:53:45.223] [SEVERE ] updating countdown to 41994
[14:53:46.223] [SEVERE ] updating countdown to 40994
[14:53:47.223] [SEVERE ] updating countdown to 39994
[14:53:48.223] [SEVERE ] updating countdown to 38994
[14:53:49.224] [SEVERE ] updating countdown to 37993
[14:53:50.223] [SEVERE ] updating countdown to 36994
[14:53:51.219] [SEVERE ] updating countdown to 35998
[14:53:52.223] [SEVERE ] updating countdown to 34994
[14:53:53.224] [SEVERE ] updating countdown to 33993
[14:53:54.218] [SEVERE ] updating countdown to 32999
[14:53:55.223] [SEVERE ] updating countdown to 31994
[14:53:56.223] [SEVERE ] updating countdown to 30994
[14:53:57.223] [SEVERE ] updating countdown to 29994
[14:53:58.221] [SEVERE ] updating countdown to 28996
[14:53:58.247] [SEVERE ] key 83 was pressed by player 1
[14:53:58.249] [SEVERE ] player 1 placing token on slot 5
[14:53:59.220] [SEVERE ] updating countdown to 27997
[14:53:59.493] [SEVERE ] key 70 was pressed by player 1
[14:53:59.494] [SEVERE ] player 1 placing token on slot 7
[14:54:00.223] [SEVERE ] updating countdown to 26994
[14:54:01.222] [SEVERE ] updating countdown to 25995
[14:54:02.222] [SEVERE ] updating countdown to 24995
[14:54:03.223] [SEVERE ] updating countdown to 23994
[14:54:04.002] [SEVERE ] key 75 was pressed by player 2
[14:54:04.002] [SEVERE ] player 2 placing token on slot 5
[14:54:04.223] [SEVERE ] updating countdown to 22994
[14:54:05.223] [SEVERE ] updating countdown to 21994
[14:54:06.219] [SEVERE ] updating countdown to 20998
[14:54:07.218] [SEVERE ] updating countdown to 19999
[14:54:08.220] [SEVERE ] updating countdown to 18997
[14:54:09.223] [SEVERE ] updating countdown to 17994
[14:54:10.223] [SEVERE ] updating countdown to 16994
[14:54:11.223] [SEVERE ] updating countdown to 15994
[14:54:12.223] [SEVERE ] updating countdown to 14994
[14:54:13.222] [SEVERE ] updating countdown to 13995
[14:54:13.385] [SEVERE ] key 59 was pressed by player 2
[14:54:13.386] [SEVERE ] player 2 placing token on slot 7
[14:54:14.223] [SEVERE ] updating countdown to 12994
[14:54:15.223] [SEVERE ] updating countdown to 11994
[14:54:16.223] [SEVERE ] updating countdown to 10994
[14:54:17.223] [SEVERE ] updating countdown to 9994
[14:54:17.847] [SEVERE ] key 88 was pressed by player 1
[14:54:17.848] [SEVERE ] player 1 placing token on slot 9
[14:54:17.848] [SEVERE ] updating countdown to 9369
[14:54:17.850] [SEVERE ] setting player 1 freeze to 3000
[14:54:18.223] [SEVERE ] updating countdown to 8994
[14:54:18.853] [SEVERE ] setting player 1 freeze to 2000
[14:54:19.220] [SEVERE ] updating countdown to 7997
[14:54:19.861] [SEVERE ] setting player 1 freeze to 1000
[14:54:20.223] [SEVERE ] updating countdown to 6994
[14:54:20.871] [SEVERE ] setting player 1 freeze to 0
[14:54:23.316] [SEVERE ] key 44 was pressed by player 2
[14:54:23.317] [SEVERE ] player 2 placing token on slot 9
[14:54:23.318] [SEVERE ] setting player 2 freeze to 3000
[14:54:24.052] [SEVERE ] key 75 was pressed by player 2
[14:54:24.320] [SEVERE ] setting player 2 freeze to 2000
[14:54:24.345] [SEVERE ] key 83 was pressed by player 1
[14:54:24.345] [SEVERE ] removing player 1 token from slot 5
[14:54:25.257] [SEVERE ] key 88 was pressed by player 1
[14:54:25.257] [SEVERE ] removing player 1 token from slot 9
[14:54:25.326] [SEVERE ] setting player 2 freeze to 1000
[14:54:25.891] [SEVERE ] key 65 was pressed by player 1
[14:54:25.892] [SEVERE ] player 1 placing token on slot 4
[14:54:26.221] [SEVERE ] updating countdown to 0
[14:54:26.327] [SEVERE ] removing card from slot 11
[14:54:26.327] [SEVERE ] setting player 2 freeze to 0
[14:54:26.428] [SEVERE ] removing card from slot 2
[14:54:26.534] [SEVERE ] removing card from slot 6
[14:54:26.640] [SEVERE ] removing card from slot 8
[14:54:26.746] [SEVERE ] removing card from slot 7
[14:54:26.848] [SEVERE ] removing card from slot 1
[14:54:26.954] [SEVERE ] removing card from slot 0
[14:54:27.058] [SEVERE ] removing card from slot 10
[14:54:27.163] [SEVERE ] removing card from slot 5
[14:54:27.270] [SEVERE ] removing card from slot 4
[14:54:27.375] [SEVERE ] removing card from slot 9
[14:54:27.481] [SEVERE ] removing card from slot 3
[14:54:27.483] [SEVERE ] removing all tokens
[14:54:27.602] [SEVERE ] placing card 77 in slot 3
[14:54:27.812] [SEVERE ] placing card 59 in slot 2
[14:54:28.022] [SEVERE ] placing card 71 in slot 5
[14:54:28.232] [SEVERE ] placing card 52 in slot 8
[14:54:28.441] [SEVERE ] placing card 2 in slot 0
[14:54:28.647] [SEVERE ] placing card 25 in slot 10
[14:54:28.858] [SEVERE ] placing card 9 in slot 6
[14:54:29.063] [SEVERE ] placing card 49 in slot 1
[14:54:29.270] [SEVERE ] placing card 35 in slot 4
[14:54:29.480] [SEVERE ] placing card 56 in slot 7
[14:54:29.690] [SEVERE ] placing card 70 in slot 11
[14:54:29.902] [SEVERE ] placing card 39 in slot 9
[14:54:30.004] [SEVERE ] updating countdown to 60999
[14:54:31.005] [SEVERE ] updating countdown to 59998
[14:54:32.009] [SEVERE ] updating countdown to 58994
[14:54:33.004] [SEVERE ] updating countdown to 57999
[14:54:34.009] [SEVERE ] updating countdown to 56994
[14:54:35.009] [SEVERE ] updating countdown to 55994
[14:54:36.009] [SEVERE ] updating countdown to 54994
[14:54:37.005] [SEVERE ] updating countdown to 53998
[14:54:38.009] [SEVERE ] updating countdown to 52994
[14:54:39.006] [SEVERE ] updating countdown to 51997
[14:54:40.009] [SEVERE ] updating countdown to 50994
[14:54:41.009] [SEVERE ] updating countdown to 49994
[14:54:42.010] [SEVERE ] updating countdown to 48993
[14:54:43.007] [SEVERE ] updating countdown to 47996
[14:54:44.009] [SEVERE ] updating countdown to 46994
[14:54:45.009] [SEVERE ] updating countdown to 45994
[14:54:46.007] [SEVERE ] updating countdown to 44996
[14:54:47.008] [SEVERE ] updating countdown to 43995
[14:54:47.323] [SEVERE ] key 69 was pressed by player 1
[14:54:47.324] [SEVERE ] player 1 placing token on slot 2
[14:54:48.009] [SEVERE ] updating countdown to 42994
[14:54:48.357] [SEVERE ] key 81 was pressed by player 1
[14:54:48.357] [SEVERE ] player 1 placing token on slot 0
[14:54:49.004] [SEVERE ] updating countdown to 41999
[14:54:50.009] [SEVERE ] updating countdown to 40994
[14:54:51.009] [SEVERE ] updating countdown to 39994
[14:54:52.009] [SEVERE ] updating countdown to 38994
[14:54:53.007] [SEVERE ] updating countdown to 37996
[14:54:54.008] [SEVERE ] updating countdown to 36995
[14:54:55.009] [SEVERE ] updating countdown to 35994
[14:54:56.009] [SEVERE ] updating countdown to 34994
[14:54:57.010] [SEVERE ] updating countdown to 33993
[14:54:58.008] [SEVERE ] updating countdown to 32995
[14:54:59.005] [SEVERE ] updating countdown to 31998
[14:55:00.009] [SEVERE ] updating countdown to 30994
[14:55:01.007] [SEVERE ] updating countdown to 29996
[14:55:02.006] [SEVERE ] updating countdown to 28997
[14:55:03.007] [SEVERE ] updating countdown to 27996
[14:55:04.009] [SEVERE ] updating countdown to 26994
[14:55:05.009] [SEVERE ] updating countdown to 25994
[14:55:06.009] [SEVERE ] updating countdown to 24994
[14:55:07.010] [SEVERE ] updating countdown to 23994
[14:55:07.774] [SEVERE ] key 85 was pressed by player 2
[14:55:07.775] [SEVERE ] player 2 placing token on slot 0
[14:55:08.006] [SEVERE ] updating countdown to 22997
[14:55:08.956] [SEVERE ] key 79 was pressed by player 2
[14:55:08.957] [SEVERE ] player 2 placing token on slot 2
[14:55:09.007] [SEVERE ] updating countdown to 21996
[14:55:10.009] [SEVERE ] updating countdown to 20994
[14:55:10.136] [SEVERE ] key 65 was pressed by player 1
[14:55:10.137] [SEVERE ] player 1 placing token on slot 4
[14:55:10.137] [SEVERE ] updating countdown to 20866
[14:55:10.138] [SEVERE ] setting player 1 score to 2
[14:55:10.138] [SEVERE ] updating countdown to 60999
[14:55:10.138] [SEVERE ] setting player 1 freeze to 1000
[14:55:10.139] [SEVERE ] removing player 1 token from slot 0
[14:55:10.140] [SEVERE ] removing player 1 token from slot 2
[14:55:10.141] [SEVERE ] removing player 1 token from slot 4
[14:55:10.246] [SEVERE ] removing card from slot 0
[14:55:10.352] [SEVERE ] removing card from slot 2
[14:55:10.456] [SEVERE ] removing card from slot 4
[14:55:10.460] [SEVERE ] removing player 2 token from slot 2
[14:55:10.461] [SEVERE ] removing player 2 token from slot 0
[14:55:10.568] [SEVERE ] placing card 43 in slot 0
[14:55:10.779] [SEVERE ] placing card 13 in slot 2
[14:55:10.988] [SEVERE ] placing card 27 in slot 4
[14:55:11.143] [SEVERE ] updating countdown to 59994
[14:55:11.144] [SEVERE ] setting player 1 freeze to 0
[14:55:12.142] [SEVERE ] updating countdown to 58995
[14:55:12.849] [SEVERE ] key 75 was pressed by player 2
[14:55:12.851] [SEVERE ] player 2 placing token on slot 5
[14:55:13.140] [SEVERE ] updating countdown to 57997
[14:55:13.266] [SEVERE ] key 74 was pressed by player 2
[14:55:13.267] [SEVERE ] player 2 placing token on slot 4
[14:55:13.566] [SEVERE ] key 76 was pressed by player 2
[14:55:13.566] [SEVERE ] player 2 placing token on slot 6
[14:55:13.566] [SEVERE ] updating countdown to 57571
[14:55:13.567] [SEVERE ] setting player 2 freeze to 3000
[14:55:14.143] [SEVERE ] updating countdown to 56994
[14:55:14.573] [SEVERE ] setting player 2 freeze to 2000
[14:55:15.143] [SEVERE ] updating countdown to 55994
[14:55:15.579] [SEVERE ] setting player 2 freeze to 1000
[14:55:16.143] [SEVERE ] updating countdown to 54994
[14:55:16.585] [SEVERE ] setting player 2 freeze to 0
[14:55:17.143] [SEVERE ] updating countdown to 53994
[14:55:18.139] [SEVERE ] updating countdown to 52998
[14:55:19.143] [SEVERE ] updating countdown to 51994
[14:55:20.143] [SEVERE ] updating countdown to 50994
[14:55:21.143] [SEVERE ] updating countdown to 49994
[14:55:22.140] [SEVERE ] updating countdown to 48997
[14:55:23.143] [SEVERE ] updating countdown to 47994
[14:55:24.142] [SEVERE ] updating countdown to 46995
[14:55:25.143] [SEVERE ] updating countdown to 45994
[14:55:26.142] [SEVERE ] updating countdown to 44995
[14:55:27.142] [SEVERE ] updating countdown to 43995
[14:55:28.140] [SEVERE ] updating countdown to 42997
[14:55:29.138] [SEVERE ] updating countdown to 41999
[14:55:30.143] [SEVERE ] updating countdown to 40994
[14:55:31.143] [SEVERE ] updating countdown to 39994
[14:55:32.142] [SEVERE ] updating countdown to 38995
[14:55:33.143] [SEVERE ] updating countdown to 37994
[14:55:34.140] [SEVERE ] updating countdown to 36997
[14:55:35.026] [SEVERE ] exit button pressed
[14:55:35.027] [SEVERE ] updating countdown to 0
[14:55:35.029] [INFO   ] thread dealer terminated.
[14:55:35.029] [SEVERE ] thanks for playing... it was fun!
[14:55:35.029] [INFO   ] thread main terminated.
