[14:37:42.919] [INFO   ] thread main starting.
[14:37:42.930] [SEVERE ] cannot read configuration file config.properties trying from resources.
[14:37:42.931] [SEVERE ] configuration file was loaded from resources directory.
[14:37:44.161] [INFO   ] thread dealer starting.
[14:37:44.164] [INFO   ] thread dealer starting.
[14:37:44.165] [INFO   ] thread Thread-0 starting.
[14:37:44.166] [INFO   ] thread computer-0 starting.
[14:37:44.167] [INFO   ] thread Thread-1 starting.
[14:37:44.167] [INFO   ] thread computer-1 starting.
[14:37:44.169] [INFO   ] thread Thread-2 starting.
[14:37:44.169] [INFO   ] thread computer-2 starting.
[14:37:44.170] [INFO   ] thread Thread-3 starting.
[14:37:44.172] [INFO   ] thread computer-3 starting.
[14:37:44.294] [SEVERE ] placing card 66 in slot 3
[14:37:44.507] [SEVERE ] placing card 15 in slot 2
[14:37:44.716] [SEVERE ] placing card 57 in slot 11
[14:37:44.930] [SEVERE ] placing card 55 in slot 10
[14:37:45.146] [SEVERE ] placing card 12 in slot 5
[14:37:45.360] [SEVERE ] placing card 8 in slot 7
[14:37:45.579] [SEVERE ] placing card 19 in slot 9
[14:37:45.793] [SEVERE ] placing card 52 in slot 0
[14:37:46.010] [SEVERE ] placing card 5 in slot 1
[14:37:46.222] [SEVERE ] placing card 24 in slot 4
[14:37:46.436] [SEVERE ] placing card 28 in slot 6
[14:37:46.653] [SEVERE ] placing card 71 in slot 8
[14:37:46.766] [SEVERE ] updating countdown to 60999
[14:37:46.779] [SEVERE ] player 4 placing token on slot 4
[14:37:46.781] [SEVERE ] player 1 placing token on slot 10
[14:37:46.781] [SEVERE ] player 3 placing token on slot 10
[14:37:46.803] [SEVERE ] player 1 placing token on slot 1
[14:37:46.800] [SEVERE ] player 4 placing token on slot 6
[14:37:46.799] [SEVERE ] player 2 placing token on slot 5
[14:37:46.821] [SEVERE ] player 4 placing token on slot 2
[14:37:46.816] [SEVERE ] player 1 placing token on slot 4
[14:37:46.811] [SEVERE ] player 3 placing token on slot 8
[14:37:46.829] [SEVERE ] updating countdown to 60935
[14:37:46.825] [SEVERE ] player 2 placing token on slot 9
[14:37:46.842] [SEVERE ] player 3 placing token on slot 5
[14:37:46.850] [SEVERE ] player 2 placing token on slot 8
[14:37:46.853] [SEVERE ] updating countdown to 60911
[14:37:47.770] [SEVERE ] updating countdown to 59994
[14:37:47.784] [SEVERE ] setting player 4 freeze to 3000
[14:37:47.787] [SEVERE ] setting player 2 freeze to 3000
[14:37:47.787] [SEVERE ] setting player 3 freeze to 3000
[14:37:47.786] [SEVERE ] setting player 1 freeze to 3000
[14:37:48.770] [SEVERE ] updating countdown to 58994
[14:37:48.799] [SEVERE ] setting player 4 freeze to 2000
[14:37:48.804] [SEVERE ] setting player 2 freeze to 2000
[14:37:48.814] [SEVERE ] setting player 3 freeze to 2000
[14:37:48.824] [SEVERE ] setting player 1 freeze to 2000
[14:37:49.769] [SEVERE ] updating countdown to 57995
[14:37:49.806] [SEVERE ] setting player 4 freeze to 1000
[14:37:49.811] [SEVERE ] setting player 2 freeze to 1000
[14:37:49.821] [SEVERE ] setting player 3 freeze to 1000
[14:37:49.830] [SEVERE ] setting player 1 freeze to 1000
[14:37:50.771] [SEVERE ] updating countdown to 56994
[14:37:50.815] [SEVERE ] setting player 4 freeze to 0
[14:37:50.822] [SEVERE ] setting player 2 freeze to 0
[14:37:50.833] [SEVERE ] setting player 3 freeze to 0
[14:37:50.838] [SEVERE ] setting player 1 freeze to 0
[14:37:51.692] [SEVERE ] exit button pressed
[14:37:51.701] [SEVERE ] updating countdown to 0
[14:37:51.711] [INFO   ] thread computer-3 terminated.
[14:37:51.717] [INFO   ] thread Thread-3 terminated.
[14:37:51.721] [INFO   ] thread computer-2 terminated.
[14:37:51.723] [INFO   ] thread Thread-2 terminated.
[14:37:51.725] [INFO   ] thread computer-1 terminated.
[14:37:51.727] [INFO   ] thread Thread-1 terminated.
[14:37:51.729] [INFO   ] thread computer-0 terminated.
[14:37:51.732] [INFO   ] thread Thread-0 terminated.
[14:37:51.734] [INFO   ] thread dealer terminated.
[14:37:51.735] [INFO   ] thread dealer terminated.
[14:37:51.737] [SEVERE ] thanks for playing... it was fun!
[14:37:51.739] [INFO   ] thread main terminated.
